b1:
  in:  ∅
  out: index: ?, v1: 1
for.cond.0:
  in:  div3: ?, div5: ?, index: ?, isBuzz: ?, isFizz: ?, v10: ?, v11: ?, v12: ?, v13: ?, v14: 5, v15: ?, v16: ?, v17: 5, v18: ?, v19: ?, v1: 1, v20: ?, v22: ?, v24: ?, v25: 0, v26: 1, v27: ?, v28: 0, v29: 0, v2: ?, v30: 2, v31: ?, v32: 0, v34: ?, v35: 0, v36: 3, v37: ?, v38: 0, v39: ?, v40: 0, v41: ?, v42: 1, v43: ?, v4: ?, v5: ?, v6: 3, v7: ?, v8: ?, v9: 3
  out: div3: ?, div5: ?, index: ?, isBuzz: ?, isFizz: ?, v10: ?, v11: ?, v12: ?, v13: ?, v14: 5, v15: ?, v16: ?, v17: 5, v18: ?, v19: ?, v1: 1, v20: ?, v22: ?, v24: ?, v25: 0, v26: 1, v27: ?, v28: 0, v29: 0, v2: ?, v30: 2, v31: ?, v32: 0, v34: ?, v35: 0, v36: 3, v37: ?, v38: 0, v39: ?, v40: 0, v41: ?, v42: 1, v43: ?, v4: ?, v5: ?, v6: 3, v7: ?, v8: ?, v9: 3
for.body.0:
  in:  div3: ?, div5: ?, index: ?, isBuzz: ?, isFizz: ?, v10: ?, v11: ?, v12: ?, v13: ?, v14: 5, v15: ?, v16: ?, v17: 5, v18: ?, v19: ?, v1: 1, v20: ?, v22: ?, v24: ?, v25: 0, v26: 1, v27: ?, v28: 0, v29: 0, v2: ?, v30: 2, v31: ?, v32: 0, v34: ?, v35: 0, v36: 3, v37: ?, v38: 0, v39: ?, v40: 0, v41: ?, v42: 1, v43: ?, v4: ?, v5: ?, v6: 3, v7: ?, v8: ?, v9: 3
  out: div3: ?, div5: ?, index: ?, isBuzz: ?, isFizz: ?, v10: ?, v11: ?, v12: ?, v13: ?, v14: 5, v15: ?, v16: ?, v17: 5, v18: ?, v19: ?, v1: 1, v20: ?, v22: ?, v24: ?, v25: 0, v26: 1, v27: ?, v28: 0, v29: 0, v2: ?, v30: 2, v31: ?, v32: 0, v34: ?, v35: 0, v36: 3, v37: ?, v38: 0, v39: ?, v40: 0, v41: ?, v42: 1, v43: ?, v4: ?, v5: ?, v6: 3, v7: ?, v8: ?, v9: 3
then.21:
  in:  div3: ?, div5: ?, index: ?, isBuzz: ?, isFizz: ?, v10: ?, v11: ?, v12: ?, v13: ?, v14: 5, v15: ?, v16: ?, v17: 5, v18: ?, v19: ?, v1: 1, v20: ?, v22: ?, v24: ?, v25: 0, v26: 1, v27: ?, v28: 0, v29: 0, v2: ?, v30: 2, v31: ?, v32: 0, v34: ?, v35: 0, v36: 3, v37: ?, v38: 0, v39: ?, v40: 0, v41: ?, v42: 1, v43: ?, v4: ?, v5: ?, v6: 3, v7: ?, v8: ?, v9: 3
  out: div3: ?, div5: ?, index: ?, isBuzz: ?, isFizz: ?, v10: ?, v11: ?, v12: ?, v13: ?, v14: 5, v15: ?, v16: ?, v17: 5, v18: ?, v19: ?, v1: 1, v20: ?, v22: ?, v24: ?, v25: 0, v26: 1, v27: ?, v28: 0, v29: 0, v2: ?, v30: 2, v31: ?, v32: 0, v34: ?, v35: 0, v36: 3, v37: ?, v38: 0, v39: ?, v40: 0, v41: ?, v42: 1, v43: ?, v4: ?, v5: ?, v6: 3, v7: ?, v8: ?, v9: 3
then.23:
  in:  div3: ?, div5: ?, index: ?, isBuzz: ?, isFizz: ?, v10: ?, v11: ?, v12: ?, v13: ?, v14: 5, v15: ?, v16: ?, v17: 5, v18: ?, v19: ?, v1: 1, v20: ?, v22: ?, v24: ?, v25: 0, v26: 1, v27: ?, v28: 0, v29: 0, v2: ?, v30: 2, v31: ?, v32: 0, v34: ?, v35: 0, v36: 3, v37: ?, v38: 0, v39: ?, v40: 0, v41: ?, v42: 1, v43: ?, v4: ?, v5: ?, v6: 3, v7: ?, v8: ?, v9: 3
  out: div3: ?, div5: ?, index: ?, isBuzz: ?, isFizz: ?, v10: ?, v11: ?, v12: ?, v13: ?, v14: 5, v15: ?, v16: ?, v17: 5, v18: ?, v19: ?, v1: 1, v20: ?, v22: ?, v24: ?, v25: 0, v26: 1, v27: ?, v28: 0, v29: 0, v2: ?, v30: 2, v31: ?, v32: 0, v34: ?, v35: 0, v36: 3, v37: ?, v38: 0, v39: ?, v40: 0, v41: ?, v42: 1, v43: ?, v4: ?, v5: ?, v6: 3, v7: ?, v8: ?, v9: 3
else.23:
  in:  div3: ?, div5: ?, index: ?, isBuzz: ?, isFizz: ?, v10: ?, v11: ?, v12: ?, v13: ?, v14: 5, v15: ?, v16: ?, v17: 5, v18: ?, v19: ?, v1: 1, v20: ?, v22: ?, v24: ?, v25: 0, v26: 1, v27: ?, v28: 0, v29: 0, v2: ?, v30: 2, v31: ?, v32: 0, v34: ?, v35: 0, v36: 3, v37: ?, v38: 0, v39: ?, v40: 0, v41: ?, v42: 1, v43: ?, v4: ?, v5: ?, v6: 3, v7: ?, v8: ?, v9: 3
  out: div3: ?, div5: ?, index: ?, isBuzz: ?, isFizz: ?, v10: ?, v11: ?, v12: ?, v13: ?, v14: 5, v15: ?, v16: ?, v17: 5, v18: ?, v19: ?, v1: 1, v20: ?, v22: ?, v24: ?, v25: 0, v26: 1, v27: ?, v28: 0, v29: 0, v2: ?, v30: 2, v31: ?, v32: 0, v34: ?, v35: 0, v36: 3, v37: ?, v38: 0, v39: ?, v40: 0, v41: ?, v42: 1, v43: ?, v4: ?, v5: ?, v6: 3, v7: ?, v8: ?, v9: 3
endif.23:
  in:  div3: ?, div5: ?, index: ?, isBuzz: ?, isFizz: ?, v10: ?, v11: ?, v12: ?, v13: ?, v14: 5, v15: ?, v16: ?, v17: 5, v18: ?, v19: ?, v1: 1, v20: ?, v22: ?, v24: ?, v25: 0, v26: 1, v27: ?, v28: 0, v29: 0, v2: ?, v30: 2, v31: ?, v32: 0, v34: ?, v35: 0, v36: 3, v37: ?, v38: 0, v39: ?, v40: 0, v41: ?, v42: 1, v43: ?, v4: ?, v5: ?, v6: 3, v7: ?, v8: ?, v9: 3
  out: div3: ?, div5: ?, index: ?, isBuzz: ?, isFizz: ?, v10: ?, v11: ?, v12: ?, v13: ?, v14: 5, v15: ?, v16: ?, v17: 5, v18: ?, v19: ?, v1: 1, v20: ?, v22: ?, v24: ?, v25: 0, v26: 1, v27: ?, v28: 0, v29: 0, v2: ?, v30: 2, v31: ?, v32: 0, v34: ?, v35: 0, v36: 3, v37: ?, v38: 0, v39: ?, v40: 0, v41: ?, v42: 1, v43: ?, v4: ?, v5: ?, v6: 3, v7: ?, v8: ?, v9: 3
else.21:
  in:  div3: ?, div5: ?, index: ?, isBuzz: ?, isFizz: ?, v10: ?, v11: ?, v12: ?, v13: ?, v14: 5, v15: ?, v16: ?, v17: 5, v18: ?, v19: ?, v1: 1, v20: ?, v22: ?, v24: ?, v25: 0, v26: 1, v27: ?, v28: 0, v29: 0, v2: ?, v30: 2, v31: ?, v32: 0, v34: ?, v35: 0, v36: 3, v37: ?, v38: 0, v39: ?, v40: 0, v41: ?, v42: 1, v43: ?, v4: ?, v5: ?, v6: 3, v7: ?, v8: ?, v9: 3
  out: div3: ?, div5: ?, index: ?, isBuzz: ?, isFizz: ?, v10: ?, v11: ?, v12: ?, v13: ?, v14: 5, v15: ?, v16: ?, v17: 5, v18: ?, v19: ?, v1: 1, v20: ?, v22: ?, v24: ?, v25: 0, v26: 1, v27: ?, v28: 0, v29: 0, v2: ?, v30: 2, v31: ?, v32: 0, v34: ?, v35: 0, v36: 3, v37: ?, v38: 0, v39: ?, v40: 0, v41: ?, v42: 1, v43: ?, v4: ?, v5: ?, v6: 3, v7: ?, v8: ?, v9: 3
then.33:
  in:  div3: ?, div5: ?, index: ?, isBuzz: ?, isFizz: ?, v10: ?, v11: ?, v12: ?, v13: ?, v14: 5, v15: ?, v16: ?, v17: 5, v18: ?, v19: ?, v1: 1, v20: ?, v22: ?, v24: ?, v25: 0, v26: 1, v27: ?, v28: 0, v29: 0, v2: ?, v30: 2, v31: ?, v32: 0, v34: ?, v35: 0, v36: 3, v37: ?, v38: 0, v39: ?, v40: 0, v41: ?, v42: 1, v43: ?, v4: ?, v5: ?, v6: 3, v7: ?, v8: ?, v9: 3
  out: div3: ?, div5: ?, index: ?, isBuzz: ?, isFizz: ?, v10: ?, v11: ?, v12: ?, v13: ?, v14: 5, v15: ?, v16: ?, v17: 5, v18: ?, v19: ?, v1: 1, v20: ?, v22: ?, v24: ?, v25: 0, v26: 1, v27: ?, v28: 0, v29: 0, v2: ?, v30: 2, v31: ?, v32: 0, v34: ?, v35: 0, v36: 3, v37: ?, v38: 0, v39: ?, v40: 0, v41: ?, v42: 1, v43: ?, v4: ?, v5: ?, v6: 3, v7: ?, v8: ?, v9: 3
else.33:
  in:  div3: ?, div5: ?, index: ?, isBuzz: ?, isFizz: ?, v10: ?, v11: ?, v12: ?, v13: ?, v14: 5, v15: ?, v16: ?, v17: 5, v18: ?, v19: ?, v1: 1, v20: ?, v22: ?, v24: ?, v25: 0, v26: 1, v27: ?, v28: 0, v29: 0, v2: ?, v30: 2, v31: ?, v32: 0, v34: ?, v35: 0, v36: 3, v37: ?, v38: 0, v39: ?, v40: 0, v41: ?, v42: 1, v43: ?, v4: ?, v5: ?, v6: 3, v7: ?, v8: ?, v9: 3
  out: div3: ?, div5: ?, index: ?, isBuzz: ?, isFizz: ?, v10: ?, v11: ?, v12: ?, v13: ?, v14: 5, v15: ?, v16: ?, v17: 5, v18: ?, v19: ?, v1: 1, v20: ?, v22: ?, v24: ?, v25: 0, v26: 1, v27: ?, v28: 0, v29: 0, v2: ?, v30: 2, v31: ?, v32: 0, v34: ?, v35: 0, v36: 3, v37: ?, v38: 0, v39: ?, v40: 0, v41: ?, v42: 1, v43: ?, v4: ?, v5: ?, v6: 3, v7: ?, v8: ?, v9: 3
endif.33:
  in:  div3: ?, div5: ?, index: ?, isBuzz: ?, isFizz: ?, v10: ?, v11: ?, v12: ?, v13: ?, v14: 5, v15: ?, v16: ?, v17: 5, v18: ?, v19: ?, v1: 1, v20: ?, v22: ?, v24: ?, v25: 0, v26: 1, v27: ?, v28: 0, v29: 0, v2: ?, v30: 2, v31: ?, v32: 0, v34: ?, v35: 0, v36: 3, v37: ?, v38: 0, v39: ?, v40: 0, v41: ?, v42: 1, v43: ?, v4: ?, v5: ?, v6: 3, v7: ?, v8: ?, v9: 3
  out: div3: ?, div5: ?, index: ?, isBuzz: ?, isFizz: ?, v10: ?, v11: ?, v12: ?, v13: ?, v14: 5, v15: ?, v16: ?, v17: 5, v18: ?, v19: ?, v1: 1, v20: ?, v22: ?, v24: ?, v25: 0, v26: 1, v27: ?, v28: 0, v29: 0, v2: ?, v30: 2, v31: ?, v32: 0, v34: ?, v35: 0, v36: 3, v37: ?, v38: 0, v39: ?, v40: 0, v41: ?, v42: 1, v43: ?, v4: ?, v5: ?, v6: 3, v7: ?, v8: ?, v9: 3
endif.21:
  in:  div3: ?, div5: ?, index: ?, isBuzz: ?, isFizz: ?, v10: ?, v11: ?, v12: ?, v13: ?, v14: 5, v15: ?, v16: ?, v17: 5, v18: ?, v19: ?, v1: 1, v20: ?, v22: ?, v24: ?, v25: 0, v26: 1, v27: ?, v28: 0, v29: 0, v2: ?, v30: 2, v31: ?, v32: 0, v34: ?, v35: 0, v36: 3, v37: ?, v38: 0, v39: ?, v40: 0, v41: ?, v42: 1, v43: ?, v4: ?, v5: ?, v6: 3, v7: ?, v8: ?, v9: 3
  out: div3: ?, div5: ?, index: ?, isBuzz: ?, isFizz: ?, v10: ?, v11: ?, v12: ?, v13: ?, v14: 5, v15: ?, v16: ?, v17: 5, v18: ?, v19: ?, v1: 1, v20: ?, v22: ?, v24: ?, v25: 0, v26: 1, v27: ?, v28: 0, v29: 0, v2: ?, v30: 2, v31: ?, v32: 0, v34: ?, v35: 0, v36: 3, v37: ?, v38: 0, v39: ?, v40: 0, v41: ?, v42: 1, v43: ?, v4: ?, v5: ?, v6: 3, v7: ?, v8: ?, v9: 3
for.end.0:
  in:  div3: ?, div5: ?, index: ?, isBuzz: ?, isFizz: ?, v10: ?, v11: ?, v12: ?, v13: ?, v14: 5, v15: ?, v16: ?, v17: 5, v18: ?, v19: ?, v1: 1, v20: ?, v22: ?, v24: ?, v25: 0, v26: 1, v27: ?, v28: 0, v29: 0, v2: ?, v30: 2, v31: ?, v32: 0, v34: ?, v35: 0, v36: 3, v37: ?, v38: 0, v39: ?, v40: 0, v41: ?, v42: 1, v43: ?, v4: ?, v5: ?, v6: 3, v7: ?, v8: ?, v9: 3
  out: div3: ?, div5: ?, index: ?, isBuzz: ?, isFizz: ?, v10: ?, v11: ?, v12: ?, v13: ?, v14: 5, v15: ?, v16: ?, v17: 5, v18: ?, v19: ?, v1: 1, v20: ?, v22: ?, v24: ?, v25: 0, v26: 1, v27: ?, v28: 0, v29: 0, v2: ?, v30: 2, v31: ?, v32: 0, v34: ?, v35: 0, v36: 3, v37: ?, v38: 0, v39: ?, v40: 0, v41: ?, v42: 1, v43: ?, v4: ?, v5: ?, v6: 3, v7: ?, v8: ?, v9: 3
