b1:
  in:  ∅
  out: index, v1
for.cond.0:
  in:  div3, div5, index, isBuzz, isFizz, v1, v10, v11, v12, v13, v14, v15, v16, v17, v18, v19, v2, v20, v22, v24, v25, v26, v27, v28, v29, v30, v31, v32, v34, v35, v36, v37, v38, v39, v4, v40, v41, v42, v43, v5, v6, v7, v8, v9
  out: div3, div5, index, isBuzz, isFizz, v1, v10, v11, v12, v13, v14, v15, v16, v17, v18, v19, v2, v20, v22, v24, v25, v26, v27, v28, v29, v30, v31, v32, v34, v35, v36, v37, v38, v39, v4, v40, v41, v42, v43, v5, v6, v7, v8, v9
for.body.0:
  in:  div3, div5, index, isBuzz, isFizz, v1, v10, v11, v12, v13, v14, v15, v16, v17, v18, v19, v2, v20, v22, v24, v25, v26, v27, v28, v29, v30, v31, v32, v34, v35, v36, v37, v38, v39, v4, v40, v41, v42, v43, v5, v6, v7, v8, v9
  out: div3, div5, index, isBuzz, isFizz, v1, v10, v11, v12, v13, v14, v15, v16, v17, v18, v19, v2, v20, v22, v24, v25, v26, v27, v28, v29, v30, v31, v32, v34, v35, v36, v37, v38, v39, v4, v40, v41, v42, v43, v5, v6, v7, v8, v9
then.21:
  in:  div3, div5, index, isBuzz, isFizz, v1, v10, v11, v12, v13, v14, v15, v16, v17, v18, v19, v2, v20, v22, v24, v25, v26, v27, v28, v29, v30, v31, v32, v34, v35, v36, v37, v38, v39, v4, v40, v41, v42, v43, v5, v6, v7, v8, v9
  out: div3, div5, index, isBuzz, isFizz, v1, v10, v11, v12, v13, v14, v15, v16, v17, v18, v19, v2, v20, v22, v24, v25, v26, v27, v28, v29, v30, v31, v32, v34, v35, v36, v37, v38, v39, v4, v40, v41, v42, v43, v5, v6, v7, v8, v9
then.23:
  in:  div3, div5, index, isBuzz, isFizz, v1, v10, v11, v12, v13, v14, v15, v16, v17, v18, v19, v2, v20, v22, v24, v25, v26, v27, v28, v29, v30, v31, v32, v34, v35, v36, v37, v38, v39, v4, v40, v41, v42, v43, v5, v6, v7, v8, v9
  out: div3, div5, index, isBuzz, isFizz, v1, v10, v11, v12, v13, v14, v15, v16, v17, v18, v19, v2, v20, v22, v24, v25, v26, v27, v28, v29, v30, v31, v32, v34, v35, v36, v37, v38, v39, v4, v40, v41, v42, v43, v5, v6, v7, v8, v9
else.23:
  in:  div3, div5, index, isBuzz, isFizz, v1, v10, v11, v12, v13, v14, v15, v16, v17, v18, v19, v2, v20, v22, v24, v25, v26, v27, v28, v29, v30, v31, v32, v34, v35, v36, v37, v38, v39, v4, v40, v41, v42, v43, v5, v6, v7, v8, v9
  out: div3, div5, index, isBuzz, isFizz, v1, v10, v11, v12, v13, v14, v15, v16, v17, v18, v19, v2, v20, v22, v24, v25, v26, v27, v28, v29, v30, v31, v32, v34, v35, v36, v37, v38, v39, v4, v40, v41, v42, v43, v5, v6, v7, v8, v9
endif.23:
  in:  div3, div5, index, isBuzz, isFizz, v1, v10, v11, v12, v13, v14, v15, v16, v17, v18, v19, v2, v20, v22, v24, v25, v26, v27, v28, v29, v30, v31, v32, v34, v35, v36, v37, v38, v39, v4, v40, v41, v42, v43, v5, v6, v7, v8, v9
  out: div3, div5, index, isBuzz, isFizz, v1, v10, v11, v12, v13, v14, v15, v16, v17, v18, v19, v2, v20, v22, v24, v25, v26, v27, v28, v29, v30, v31, v32, v34, v35, v36, v37, v38, v39, v4, v40, v41, v42, v43, v5, v6, v7, v8, v9
else.21:
  in:  div3, div5, index, isBuzz, isFizz, v1, v10, v11, v12, v13, v14, v15, v16, v17, v18, v19, v2, v20, v22, v24, v25, v26, v27, v28, v29, v30, v31, v32, v34, v35, v36, v37, v38, v39, v4, v40, v41, v42, v43, v5, v6, v7, v8, v9
  out: div3, div5, index, isBuzz, isFizz, v1, v10, v11, v12, v13, v14, v15, v16, v17, v18, v19, v2, v20, v22, v24, v25, v26, v27, v28, v29, v30, v31, v32, v34, v35, v36, v37, v38, v39, v4, v40, v41, v42, v43, v5, v6, v7, v8, v9
then.33:
  in:  div3, div5, index, isBuzz, isFizz, v1, v10, v11, v12, v13, v14, v15, v16, v17, v18, v19, v2, v20, v22, v24, v25, v26, v27, v28, v29, v30, v31, v32, v34, v35, v36, v37, v38, v39, v4, v40, v41, v42, v43, v5, v6, v7, v8, v9
  out: div3, div5, index, isBuzz, isFizz, v1, v10, v11, v12, v13, v14, v15, v16, v17, v18, v19, v2, v20, v22, v24, v25, v26, v27, v28, v29, v30, v31, v32, v34, v35, v36, v37, v38, v39, v4, v40, v41, v42, v43, v5, v6, v7, v8, v9
else.33:
  in:  div3, div5, index, isBuzz, isFizz, v1, v10, v11, v12, v13, v14, v15, v16, v17, v18, v19, v2, v20, v22, v24, v25, v26, v27, v28, v29, v30, v31, v32, v34, v35, v36, v37, v38, v39, v4, v40, v41, v42, v43, v5, v6, v7, v8, v9
  out: div3, div5, index, isBuzz, isFizz, v1, v10, v11, v12, v13, v14, v15, v16, v17, v18, v19, v2, v20, v22, v24, v25, v26, v27, v28, v29, v30, v31, v32, v34, v35, v36, v37, v38, v39, v4, v40, v41, v42, v43, v5, v6, v7, v8, v9
endif.33:
  in:  div3, div5, index, isBuzz, isFizz, v1, v10, v11, v12, v13, v14, v15, v16, v17, v18, v19, v2, v20, v22, v24, v25, v26, v27, v28, v29, v30, v31, v32, v34, v35, v36, v37, v38, v39, v4, v40, v41, v42, v43, v5, v6, v7, v8, v9
  out: div3, div5, index, isBuzz, isFizz, v1, v10, v11, v12, v13, v14, v15, v16, v17, v18, v19, v2, v20, v22, v24, v25, v26, v27, v28, v29, v30, v31, v32, v34, v35, v36, v37, v38, v39, v4, v40, v41, v42, v43, v5, v6, v7, v8, v9
endif.21:
  in:  div3, div5, index, isBuzz, isFizz, v1, v10, v11, v12, v13, v14, v15, v16, v17, v18, v19, v2, v20, v22, v24, v25, v26, v27, v28, v29, v30, v31, v32, v34, v35, v36, v37, v38, v39, v4, v40, v41, v42, v43, v5, v6, v7, v8, v9
  out: div3, div5, index, isBuzz, isFizz, v1, v10, v11, v12, v13, v14, v15, v16, v17, v18, v19, v2, v20, v22, v24, v25, v26, v27, v28, v29, v30, v31, v32, v34, v35, v36, v37, v38, v39, v4, v40, v41, v42, v43, v5, v6, v7, v8, v9
for.end.0:
  in:  div3, div5, index, isBuzz, isFizz, v1, v10, v11, v12, v13, v14, v15, v16, v17, v18, v19, v2, v20, v22, v24, v25, v26, v27, v28, v29, v30, v31, v32, v34, v35, v36, v37, v38, v39, v4, v40, v41, v42, v43, v5, v6, v7, v8, v9
  out: div3, div5, index, isBuzz, isFizz, v1, v10, v11, v12, v13, v14, v15, v16, v17, v18, v19, v2, v20, v22, v24, v25, v26, v27, v28, v29, v30, v31, v32, v34, v35, v36, v37, v38, v39, v4, v40, v41, v42, v43, v5, v6, v7, v8, v9
